c:\users\mehmet\documents\vısual studıo 2013\projects\proje\proje\debug\vc120.pdb
c:\users\mehmet\documents\vısual studıo 2013\projects\proje\proje\debug\vc120.ıdb
c:\users\mehmet\documents\vısual studıo 2013\projects\proje\proje\debug\1_b_b171210111.obj
c:\users\mehmet\desktop\proje\proje\debug\vc120.pdb
c:\users\mehmet\desktop\proje\proje\debug\vc120.ıdb
c:\users\mehmet\desktop\proje\proje\debug\1_b_b171210111.obj
c:\users\mehmet\documents\vısual studıo 2013\projects\proje\debug\proje.ılk
c:\users\mehmet\documents\vısual studıo 2013\projects\proje\debug\proje.exe
c:\users\mehmet\documents\vısual studıo 2013\projects\proje\debug\proje.pdb
c:\users\mehmet\desktop\proje\debug\proje.ılk
c:\users\mehmet\desktop\proje\debug\proje.exe
c:\users\mehmet\desktop\proje\debug\proje.pdb
c:\users\mehmet\desktop\proje\proje\debug\vc120.idb
c:\users\mehmet\desktop\proje\debug\proje.ilk
c:\users\mehmet\desktop\proje\proje\debug\proje.tlog\cl.command.1.tlog
c:\users\mehmet\desktop\proje\proje\debug\proje.tlog\cl.read.1.tlog
c:\users\mehmet\desktop\proje\proje\debug\proje.tlog\cl.write.1.tlog
c:\users\mehmet\desktop\proje\proje\debug\proje.tlog\link.command.1.tlog
c:\users\mehmet\desktop\proje\proje\debug\proje.tlog\link.read.1.tlog
c:\users\mehmet\desktop\proje\proje\debug\proje.tlog\link.write.1.tlog
